<?xml version="1.0" encoding="UTF-8"?>
<testsuite xmlns:xsi="http://www.w3.org/2001/XMLSchema-instance" xsi:noNamespaceSchemaLocation="https://maven.apache.org/surefire/maven-surefire-plugin/xsd/surefire-test-report.xsd" name="com.whale.rabbitmq.AppTest" time="0.022" tests="1" errors="0" skipped="0" failures="0">
  <properties>
    <property name="java.specification.version" value="17"/>
    <property name="sun.jnu.encoding" value="UTF-8"/>
    <property name="java.class.path" value="/home/whale/job/project/hw/rabbitmq-starter-annotation/target/test-classes:/home/whale/job/project/hw/rabbitmq-starter-annotation/target/classes:/home/whale/.m2/repository/junit/junit/3.8.1/junit-3.8.1.jar:/home/whale/.m2/repository/org/springframework/boot/spring-boot-starter-amqp/2.7.8/spring-boot-starter-amqp-2.7.8.jar:/home/whale/.m2/repository/org/springframework/spring-messaging/5.3.25/spring-messaging-5.3.25.jar:/home/whale/.m2/repository/org/springframework/spring-beans/5.3.25/spring-beans-5.3.25.jar:/home/whale/.m2/repository/org/springframework/amqp/spring-rabbit/2.4.9/spring-rabbit-2.4.9.jar:/home/whale/.m2/repository/org/springframework/amqp/spring-amqp/2.4.9/spring-amqp-2.4.9.jar:/home/whale/.m2/repository/org/springframework/retry/spring-retry/1.3.4/spring-retry-1.3.4.jar:/home/whale/.m2/repository/org/springframework/spring-context/5.3.25/spring-context-5.3.25.jar:/home/whale/.m2/repository/org/springframework/spring-aop/5.3.25/spring-aop-5.3.25.jar:/home/whale/.m2/repository/org/springframework/spring-expression/5.3.25/spring-expression-5.3.25.jar:/home/whale/.m2/repository/org/springframework/spring-tx/5.3.25/spring-tx-5.3.25.jar:/home/whale/.m2/repository/org/projectlombok/lombok/1.18.32/lombok-1.18.32.jar:/home/whale/.m2/repository/com/rabbitmq/amqp-client/5.19.0/amqp-client-5.19.0.jar:/home/whale/.m2/repository/org/slf4j/slf4j-api/1.7.36/slf4j-api-1.7.36.jar:/home/whale/.m2/repository/org/springframework/boot/spring-boot-starter/2.7.8/spring-boot-starter-2.7.8.jar:/home/whale/.m2/repository/org/springframework/boot/spring-boot/2.7.8/spring-boot-2.7.8.jar:/home/whale/.m2/repository/org/springframework/boot/spring-boot-autoconfigure/2.7.8/spring-boot-autoconfigure-2.7.8.jar:/home/whale/.m2/repository/org/springframework/boot/spring-boot-starter-logging/2.7.8/spring-boot-starter-logging-2.7.8.jar:/home/whale/.m2/repository/ch/qos/logback/logback-classic/1.2.11/logback-classic-1.2.11.jar:/home/whale/.m2/repository/ch/qos/logback/logback-core/1.2.11/logback-core-1.2.11.jar:/home/whale/.m2/repository/org/apache/logging/log4j/log4j-to-slf4j/2.17.2/log4j-to-slf4j-2.17.2.jar:/home/whale/.m2/repository/org/apache/logging/log4j/log4j-api/2.17.2/log4j-api-2.17.2.jar:/home/whale/.m2/repository/org/slf4j/jul-to-slf4j/1.7.36/jul-to-slf4j-1.7.36.jar:/home/whale/.m2/repository/jakarta/annotation/jakarta.annotation-api/1.3.5/jakarta.annotation-api-1.3.5.jar:/home/whale/.m2/repository/org/springframework/spring-core/5.3.25/spring-core-5.3.25.jar:/home/whale/.m2/repository/org/springframework/spring-jcl/5.3.25/spring-jcl-5.3.25.jar:/home/whale/.m2/repository/org/yaml/snakeyaml/1.30/snakeyaml-1.30.jar:"/>
    <property name="java.vm.vendor" value="Ubuntu"/>
    <property name="sun.arch.data.model" value="64"/>
    <property name="java.vendor.url" value="https://ubuntu.com/"/>
    <property name="os.name" value="Linux"/>
    <property name="java.vm.specification.version" value="17"/>
    <property name="sun.java.launcher" value="SUN_STANDARD"/>
    <property name="sun.boot.library.path" value="/usr/lib/jvm/java-17-openjdk-amd64/lib"/>
    <property name="sun.java.command" value="/home/whale/job/project/hw/rabbitmq-starter-annotation/target/surefire/surefirebooter3462249998719129671.jar /home/whale/job/project/hw/rabbitmq-starter-annotation/target/surefire 2025-03-25T20-53-48_563-jvmRun1 surefire16334210566191728927tmp surefire_013243861171208014714tmp"/>
    <property name="jdk.debug" value="release"/>
    <property name="surefire.test.class.path" value="/home/whale/job/project/hw/rabbitmq-starter-annotation/target/test-classes:/home/whale/job/project/hw/rabbitmq-starter-annotation/target/classes:/home/whale/.m2/repository/junit/junit/3.8.1/junit-3.8.1.jar:/home/whale/.m2/repository/org/springframework/boot/spring-boot-starter-amqp/2.7.8/spring-boot-starter-amqp-2.7.8.jar:/home/whale/.m2/repository/org/springframework/spring-messaging/5.3.25/spring-messaging-5.3.25.jar:/home/whale/.m2/repository/org/springframework/spring-beans/5.3.25/spring-beans-5.3.25.jar:/home/whale/.m2/repository/org/springframework/amqp/spring-rabbit/2.4.9/spring-rabbit-2.4.9.jar:/home/whale/.m2/repository/org/springframework/amqp/spring-amqp/2.4.9/spring-amqp-2.4.9.jar:/home/whale/.m2/repository/org/springframework/retry/spring-retry/1.3.4/spring-retry-1.3.4.jar:/home/whale/.m2/repository/org/springframework/spring-context/5.3.25/spring-context-5.3.25.jar:/home/whale/.m2/repository/org/springframework/spring-aop/5.3.25/spring-aop-5.3.25.jar:/home/whale/.m2/repository/org/springframework/spring-expression/5.3.25/spring-expression-5.3.25.jar:/home/whale/.m2/repository/org/springframework/spring-tx/5.3.25/spring-tx-5.3.25.jar:/home/whale/.m2/repository/org/projectlombok/lombok/1.18.32/lombok-1.18.32.jar:/home/whale/.m2/repository/com/rabbitmq/amqp-client/5.19.0/amqp-client-5.19.0.jar:/home/whale/.m2/repository/org/slf4j/slf4j-api/1.7.36/slf4j-api-1.7.36.jar:/home/whale/.m2/repository/org/springframework/boot/spring-boot-starter/2.7.8/spring-boot-starter-2.7.8.jar:/home/whale/.m2/repository/org/springframework/boot/spring-boot/2.7.8/spring-boot-2.7.8.jar:/home/whale/.m2/repository/org/springframework/boot/spring-boot-autoconfigure/2.7.8/spring-boot-autoconfigure-2.7.8.jar:/home/whale/.m2/repository/org/springframework/boot/spring-boot-starter-logging/2.7.8/spring-boot-starter-logging-2.7.8.jar:/home/whale/.m2/repository/ch/qos/logback/logback-classic/1.2.11/logback-classic-1.2.11.jar:/home/whale/.m2/repository/ch/qos/logback/logback-core/1.2.11/logback-core-1.2.11.jar:/home/whale/.m2/repository/org/apache/logging/log4j/log4j-to-slf4j/2.17.2/log4j-to-slf4j-2.17.2.jar:/home/whale/.m2/repository/org/apache/logging/log4j/log4j-api/2.17.2/log4j-api-2.17.2.jar:/home/whale/.m2/repository/org/slf4j/jul-to-slf4j/1.7.36/jul-to-slf4j-1.7.36.jar:/home/whale/.m2/repository/jakarta/annotation/jakarta.annotation-api/1.3.5/jakarta.annotation-api-1.3.5.jar:/home/whale/.m2/repository/org/springframework/spring-core/5.3.25/spring-core-5.3.25.jar:/home/whale/.m2/repository/org/springframework/spring-jcl/5.3.25/spring-jcl-5.3.25.jar:/home/whale/.m2/repository/org/yaml/snakeyaml/1.30/snakeyaml-1.30.jar:"/>
    <property name="sun.cpu.endian" value="little"/>
    <property name="user.home" value="/home/whale"/>
    <property name="user.language" value="en"/>
    <property name="java.specification.vendor" value="Oracle Corporation"/>
    <property name="java.version.date" value="2025-01-21"/>
    <property name="java.home" value="/usr/lib/jvm/java-17-openjdk-amd64"/>
    <property name="file.separator" value="/"/>
    <property name="basedir" value="/home/whale/job/project/hw/rabbitmq-starter-annotation"/>
    <property name="java.vm.compressedOopsMode" value="32-bit"/>
    <property name="line.separator" value="&#10;"/>
    <property name="java.vm.specification.vendor" value="Oracle Corporation"/>
    <property name="java.specification.name" value="Java Platform API Specification"/>
    <property name="surefire.real.class.path" value="/home/whale/job/project/hw/rabbitmq-starter-annotation/target/surefire/surefirebooter3462249998719129671.jar"/>
    <property name="sun.management.compiler" value="HotSpot 64-Bit Tiered Compilers"/>
    <property name="java.runtime.version" value="17.0.14+7-Ubuntu-120.04"/>
    <property name="user.name" value="whale"/>
    <property name="path.separator" value=":"/>
    <property name="os.version" value="5.15.167.4-microsoft-standard-WSL2"/>
    <property name="java.runtime.name" value="OpenJDK Runtime Environment"/>
    <property name="file.encoding" value="UTF-8"/>
    <property name="java.vm.name" value="OpenJDK 64-Bit Server VM"/>
    <property name="localRepository" value="/home/whale/.m2/repository"/>
    <property name="java.vendor.url.bug" value="https://bugs.launchpad.net/ubuntu/+source/openjdk-17"/>
    <property name="java.io.tmpdir" value="/tmp"/>
    <property name="java.version" value="17.0.14"/>
    <property name="user.dir" value="/home/whale/job/project/hw/rabbitmq-starter-annotation"/>
    <property name="os.arch" value="amd64"/>
    <property name="java.vm.specification.name" value="Java Virtual Machine Specification"/>
    <property name="native.encoding" value="UTF-8"/>
    <property name="java.library.path" value="/usr/java/packages/lib:/usr/lib/x86_64-linux-gnu/jni:/lib/x86_64-linux-gnu:/usr/lib/x86_64-linux-gnu:/usr/lib/jni:/lib:/usr/lib"/>
    <property name="java.vm.info" value="mixed mode, sharing"/>
    <property name="java.vendor" value="Ubuntu"/>
    <property name="java.vm.version" value="17.0.14+7-Ubuntu-120.04"/>
    <property name="java.specification.maintenance.version" value="1"/>
    <property name="sun.io.unicode.encoding" value="UnicodeLittle"/>
    <property name="java.class.version" value="61.0"/>
  </properties>
  <testcase name="testApp" classname="com.whale.rabbitmq.AppTest" time="0.004"/>
</testsuite>